{
  "stats": {
    "suites": 1,
    "tests": 4,
    "passes": 4,
    "pending": 0,
    "failures": 0,
    "start": "2024-05-02T11:46:10.335Z",
    "end": "2024-05-02T11:46:15.722Z",
    "duration": 5387,
    "testsRegistered": 4,
    "passPercent": 100,
    "pendingPercent": 0,
    "other": 0,
    "hasOther": false,
    "skipped": 0,
    "hasSkipped": false
  },
  "results": [
    {
      "uuid": "b206aa72-0c9c-43ab-b629-91894309ca2c",
      "title": "",
      "fullFile": "cypress\\e2e\\ProductsPageOverviewE2E.spec.cy.ts",
      "file": "cypress\\e2e\\ProductsPageOverviewE2E.spec.cy.ts",
      "beforeHooks": [],
      "afterHooks": [],
      "tests": [],
      "suites": [
        {
          "uuid": "de34426a-831f-41fa-92d7-be28d1647b3b",
          "title": "Products page flows",
          "fullFile": "",
          "file": "",
          "beforeHooks": [],
          "afterHooks": [],
          "tests": [
            {
              "title": "Products list loads correctly",
              "fullTitle": "Products page flows Products list loads correctly",
              "timedOut": null,
              "duration": 1802,
              "state": "passed",
              "speed": "fast",
              "pass": true,
              "fail": false,
              "pending": false,
              "context": null,
              "code": "productsPage.getInevtoryContainer().should('be.visible');\nproductsPage.product.getProductElementByName(productName).should('be.visible');\nproductsPage.getOpenBurgerMenuButton().should('be.visible');\nproductsPage.shoppingCart.getShoppinCartElement().should('be.visible');",
              "err": {},
              "uuid": "fc7bc0f3-d3e0-4046-a4fc-1d257476b16f",
              "parentUUID": "de34426a-831f-41fa-92d7-be28d1647b3b",
              "isHook": false,
              "skipped": false
            },
            {
              "title": "Select a product, view details and return",
              "fullTitle": "Products page flows Select a product, view details and return",
              "timedOut": null,
              "duration": 1175,
              "state": "passed",
              "speed": "fast",
              "pass": true,
              "fail": false,
              "pending": false,
              "context": null,
              "code": "productsPage.selectProductByName(productName);\nproductDetailsPage.getInevtoryContainer().should('be.visible');\nproductDetailsPage.clickBackToProducts();",
              "err": {},
              "uuid": "61b2d333-bb75-4567-825c-921dc6a4cf39",
              "parentUUID": "de34426a-831f-41fa-92d7-be28d1647b3b",
              "isHook": false,
              "skipped": false
            },
            {
              "title": "Add product to cart from product details and view cart",
              "fullTitle": "Products page flows Add product to cart from product details and view cart",
              "timedOut": null,
              "duration": 1188,
              "state": "passed",
              "speed": "fast",
              "pass": true,
              "fail": false,
              "pending": false,
              "context": null,
              "code": "productsPage.selectProductByName(productName);\nproductDetailsPage.clickAddToCart();\nproductDetailsPage.shoppingCart.getShoppingCartBadgeTotal().should('equal', '1');\nproductDetailsPage.clickShoppingCart();\nshoppingCartPage.getProductElementByName(productName).should('be.visible');\nshoppingCartPage.clickContinueShopping();",
              "err": {},
              "uuid": "14e40339-c4ca-45e2-9494-69a149812f53",
              "parentUUID": "de34426a-831f-41fa-92d7-be28d1647b3b",
              "isHook": false,
              "skipped": false
            },
            {
              "title": "Remove product from cart from product details",
              "fullTitle": "Products page flows Remove product from cart from product details",
              "timedOut": null,
              "duration": 1081,
              "state": "passed",
              "speed": "fast",
              "pass": true,
              "fail": false,
              "pending": false,
              "context": null,
              "code": "productsPage.selectProductByName(productName);\nproductDetailsPage.clickAddToCart();\nproductDetailsPage.clickRemove();\nproductDetailsPage.getAddToCartButton().should('be.visible');",
              "err": {},
              "uuid": "8ad9aef0-199c-426a-b266-257bba368518",
              "parentUUID": "de34426a-831f-41fa-92d7-be28d1647b3b",
              "isHook": false,
              "skipped": false
            }
          ],
          "suites": [],
          "passes": [
            "fc7bc0f3-d3e0-4046-a4fc-1d257476b16f",
            "61b2d333-bb75-4567-825c-921dc6a4cf39",
            "14e40339-c4ca-45e2-9494-69a149812f53",
            "8ad9aef0-199c-426a-b266-257bba368518"
          ],
          "failures": [],
          "pending": [],
          "skipped": [],
          "duration": 5246,
          "root": false,
          "rootEmpty": false,
          "_timeout": 2000
        }
      ],
      "passes": [],
      "failures": [],
      "pending": [],
      "skipped": [],
      "duration": 0,
      "root": true,
      "rootEmpty": true,
      "_timeout": 2000
    }
  ],
  "meta": {
    "mocha": {
      "version": "7.0.1"
    },
    "mochawesome": {
      "options": {
        "quiet": false,
        "reportFilename": "mochawesome",
        "saveHtml": true,
        "saveJson": true,
        "consoleReporter": "spec",
        "useInlineDiffs": false,
        "code": true
      },
      "version": "7.1.3"
    },
    "marge": {
      "options": {
        "configFile": "reporter-config.json"
      },
      "version": "6.2.0"
    }
  }
}