{
  "stats": {
    "suites": 1,
    "tests": 4,
    "passes": 4,
    "pending": 0,
    "failures": 0,
    "start": "2024-05-02T20:22:23.397Z",
    "end": "2024-05-02T20:22:26.453Z",
    "duration": 3056,
    "testsRegistered": 4,
    "passPercent": 100,
    "pendingPercent": 0,
    "other": 0,
    "hasOther": false,
    "skipped": 0,
    "hasSkipped": false
  },
  "results": [
    {
      "uuid": "b840a952-ade8-40f3-87e3-99b31aaea9bf",
      "title": "",
      "fullFile": "cypress\\e2e\\ProductsPageOverviewE2E.spec.cy.ts",
      "file": "cypress\\e2e\\ProductsPageOverviewE2E.spec.cy.ts",
      "beforeHooks": [],
      "afterHooks": [],
      "tests": [],
      "suites": [
        {
          "uuid": "7e1c7c7e-96d1-45e9-be97-c69cdd7f802d",
          "title": "Products page overview",
          "fullFile": "",
          "file": "",
          "beforeHooks": [],
          "afterHooks": [],
          "tests": [
            {
              "title": "Products list loads correctly upon login",
              "fullTitle": "Products page overview Products list loads correctly upon login",
              "timedOut": null,
              "duration": 2093,
              "state": "passed",
              "speed": "fast",
              "pass": true,
              "fail": false,
              "pending": false,
              "context": null,
              "code": "productsPage.getInevtoryContainer().should('be.visible');\nproductsPage.product.getProductElementByName(productName).should('be.visible');\nproductsPage.getOpenBurgerMenuButton().should('be.visible');\nproductsPage.shoppingCart.getShoppinCartElement().should('be.visible');",
              "err": {},
              "uuid": "c3627fad-3909-45e0-ae0b-737888adfac5",
              "parentUUID": "7e1c7c7e-96d1-45e9-be97-c69cdd7f802d",
              "isHook": false,
              "skipped": false
            },
            {
              "title": "Product details page loads correctly upon selecting a product",
              "fullTitle": "Products page overview Product details page loads correctly upon selecting a product",
              "timedOut": null,
              "duration": 216,
              "state": "passed",
              "speed": "fast",
              "pass": true,
              "fail": false,
              "pending": false,
              "context": null,
              "code": "productsPage.selectProductByName(productName);\nproductDetailsPage.getInevtoryContainer().should('be.visible');\nproductDetailsPage.clickBackToProducts();",
              "err": {},
              "uuid": "8e20932e-bc00-430e-a6b2-9c2cc00a304c",
              "parentUUID": "7e1c7c7e-96d1-45e9-be97-c69cdd7f802d",
              "isHook": false,
              "skipped": false
            },
            {
              "title": "Shopping cart with one added product loads correctly",
              "fullTitle": "Products page overview Shopping cart with one added product loads correctly",
              "timedOut": null,
              "duration": 371,
              "state": "passed",
              "speed": "fast",
              "pass": true,
              "fail": false,
              "pending": false,
              "context": null,
              "code": "productsPage.selectProductByName(productName);\nproductDetailsPage.clickAddToCart();\nproductDetailsPage.shoppingCart.getShoppingCartBadgeTotal().should('equal', '1');\nproductDetailsPage.clickShoppingCart();\nshoppingCartPage.getProductElementByName(productName).should('be.visible');\nshoppingCartPage.clickContinueShopping();",
              "err": {},
              "uuid": "a19beaf1-03b9-477f-8ae1-087166dc2701",
              "parentUUID": "7e1c7c7e-96d1-45e9-be97-c69cdd7f802d",
              "isHook": false,
              "skipped": false
            },
            {
              "title": "Shopping cart total items updated correctly upon product removal",
              "fullTitle": "Products page overview Shopping cart total items updated correctly upon product removal",
              "timedOut": null,
              "duration": 214,
              "state": "passed",
              "speed": "fast",
              "pass": true,
              "fail": false,
              "pending": false,
              "context": null,
              "code": "productsPage.selectProductByName(productName);\nproductDetailsPage.clickRemove();\nproductDetailsPage.getAddToCartButton().should('be.visible');\nproductDetailsPage.shoppingCart.getShoppingCartBadgeTotal().should('equal', '');",
              "err": {},
              "uuid": "292a7fd7-a5ac-4841-b23e-9be3edc8c4d1",
              "parentUUID": "7e1c7c7e-96d1-45e9-be97-c69cdd7f802d",
              "isHook": false,
              "skipped": false
            }
          ],
          "suites": [],
          "passes": [
            "c3627fad-3909-45e0-ae0b-737888adfac5",
            "8e20932e-bc00-430e-a6b2-9c2cc00a304c",
            "a19beaf1-03b9-477f-8ae1-087166dc2701",
            "292a7fd7-a5ac-4841-b23e-9be3edc8c4d1"
          ],
          "failures": [],
          "pending": [],
          "skipped": [],
          "duration": 2894,
          "root": false,
          "rootEmpty": false,
          "_timeout": 2000
        }
      ],
      "passes": [],
      "failures": [],
      "pending": [],
      "skipped": [],
      "duration": 0,
      "root": true,
      "rootEmpty": true,
      "_timeout": 2000
    }
  ],
  "meta": {
    "mocha": {
      "version": "7.0.1"
    },
    "mochawesome": {
      "options": {
        "quiet": false,
        "reportFilename": "mochawesome",
        "saveHtml": true,
        "saveJson": true,
        "consoleReporter": "spec",
        "useInlineDiffs": false,
        "code": true
      },
      "version": "7.1.3"
    },
    "marge": {
      "options": {
        "configFile": "reporter-config.json"
      },
      "version": "6.2.0"
    }
  }
}