{
  "stats": {
    "suites": 1,
    "tests": 4,
    "passes": 4,
    "pending": 0,
    "failures": 0,
    "start": "2024-05-02T21:55:27.164Z",
    "end": "2024-05-02T21:55:30.699Z",
    "duration": 3535,
    "testsRegistered": 4,
    "passPercent": 100,
    "pendingPercent": 0,
    "other": 0,
    "hasOther": false,
    "skipped": 0,
    "hasSkipped": false
  },
  "results": [
    {
      "uuid": "e88311ff-12a5-4caa-8881-00609da66b3b",
      "title": "",
      "fullFile": "cypress\\e2e\\ProductsPageOverviewE2E.spec.cy.ts",
      "file": "cypress\\e2e\\ProductsPageOverviewE2E.spec.cy.ts",
      "beforeHooks": [],
      "afterHooks": [],
      "tests": [],
      "suites": [
        {
          "uuid": "8266bbcb-87f9-4f58-800b-864aa60f6474",
          "title": "Products page overview",
          "fullFile": "",
          "file": "",
          "beforeHooks": [],
          "afterHooks": [],
          "tests": [
            {
              "title": "Products list loads correctly upon login",
              "fullTitle": "Products page overview Products list loads correctly upon login",
              "timedOut": null,
              "duration": 2382,
              "state": "passed",
              "speed": "fast",
              "pass": true,
              "fail": false,
              "pending": false,
              "context": null,
              "code": "productsPage.getInevtoryContainer().should('be.visible');\nproductsPage.product.getProductElementByName(productName).should('be.visible');\nproductsPage.getOpenBurgerMenuButton().should('be.visible');\nproductsPage.shoppingCart.getShoppinCartElement().should('be.visible');",
              "err": {},
              "uuid": "8b60144d-70b2-4581-b2b1-aa9b34ed9d55",
              "parentUUID": "8266bbcb-87f9-4f58-800b-864aa60f6474",
              "isHook": false,
              "skipped": false
            },
            {
              "title": "Product details page loads correctly upon selecting a product",
              "fullTitle": "Products page overview Product details page loads correctly upon selecting a product",
              "timedOut": null,
              "duration": 243,
              "state": "passed",
              "speed": "fast",
              "pass": true,
              "fail": false,
              "pending": false,
              "context": null,
              "code": "productsPage.selectProductByName(productName);\nproductDetailsPage.getInevtoryContainer().should('be.visible');\nproductDetailsPage.clickBackToProducts();",
              "err": {},
              "uuid": "99c53513-8f48-45ae-b675-ac52322364c7",
              "parentUUID": "8266bbcb-87f9-4f58-800b-864aa60f6474",
              "isHook": false,
              "skipped": false
            },
            {
              "title": "Shopping cart with one added product loads correctly",
              "fullTitle": "Products page overview Shopping cart with one added product loads correctly",
              "timedOut": null,
              "duration": 464,
              "state": "passed",
              "speed": "fast",
              "pass": true,
              "fail": false,
              "pending": false,
              "context": null,
              "code": "productsPage.selectProductByName(productName);\nproductDetailsPage.clickAddToCart();\nproductDetailsPage.shoppingCart.getShoppingCartBadgeTotal().should('equal', '1');\nproductDetailsPage.clickShoppingCart();\nshoppingCartPage.getProductElementByName(productName).should('be.visible');\nshoppingCartPage.clickContinueShopping();",
              "err": {},
              "uuid": "4e087cf9-3f14-4f99-b4a4-fa6ade54828f",
              "parentUUID": "8266bbcb-87f9-4f58-800b-864aa60f6474",
              "isHook": false,
              "skipped": false
            },
            {
              "title": "Shopping cart total items updated correctly upon product removal",
              "fullTitle": "Products page overview Shopping cart total items updated correctly upon product removal",
              "timedOut": null,
              "duration": 240,
              "state": "passed",
              "speed": "fast",
              "pass": true,
              "fail": false,
              "pending": false,
              "context": null,
              "code": "productsPage.selectProductByName(productName);\nproductDetailsPage.clickRemove();\nproductDetailsPage.getAddToCartButton().should('be.visible');\nproductDetailsPage.shoppingCart.getShoppingCartBadgeTotal().should('equal', '');",
              "err": {},
              "uuid": "67710316-5d95-4262-8880-2981251f0b2a",
              "parentUUID": "8266bbcb-87f9-4f58-800b-864aa60f6474",
              "isHook": false,
              "skipped": false
            }
          ],
          "suites": [],
          "passes": [
            "8b60144d-70b2-4581-b2b1-aa9b34ed9d55",
            "99c53513-8f48-45ae-b675-ac52322364c7",
            "4e087cf9-3f14-4f99-b4a4-fa6ade54828f",
            "67710316-5d95-4262-8880-2981251f0b2a"
          ],
          "failures": [],
          "pending": [],
          "skipped": [],
          "duration": 3329,
          "root": false,
          "rootEmpty": false,
          "_timeout": 2000
        }
      ],
      "passes": [],
      "failures": [],
      "pending": [],
      "skipped": [],
      "duration": 0,
      "root": true,
      "rootEmpty": true,
      "_timeout": 2000
    }
  ],
  "meta": {
    "mocha": {
      "version": "7.0.1"
    },
    "mochawesome": {
      "options": {
        "quiet": false,
        "reportFilename": "mochawesome",
        "saveHtml": true,
        "saveJson": true,
        "consoleReporter": "spec",
        "useInlineDiffs": false,
        "code": true
      },
      "version": "7.1.3"
    },
    "marge": {
      "options": {
        "configFile": "reporter-config.json"
      },
      "version": "6.2.0"
    }
  }
}